#-----------------------------------------------------------
# Vivado v2020.1 (64-bit)
# SW Build 2902540 on Wed May 27 19:54:49 MDT 2020
# IP Build 2902112 on Wed May 27 22:43:36 MDT 2020
# Start of session at: Wed Dec 16 13:02:01 2020
# Process ID: 17304
# Current directory: C:/Users/13677/Desktop/2020 Autumn Semester/Analog and digital circuits/digital project/aaaaa
# Command line: vivado.exe -gui_launcher_event rodinguilauncherevent6928 C:\Users\13677\Desktop\2020 Autumn Semester\Analog and digital circuits\digital project\aaaaa\aaaaa.xpr
# Log file: C:/Users/13677/Desktop/2020 Autumn Semester/Analog and digital circuits/digital project/aaaaa/vivado.log
# Journal file: C:/Users/13677/Desktop/2020 Autumn Semester/Analog and digital circuits/digital project/aaaaa\vivado.jou
#-----------------------------------------------------------
start_gui
open_project {C:/Users/13677/Desktop/2020 Autumn Semester/Analog and digital circuits/digital project/aaaaa/aaaaa.xpr}
INFO: [ProjectBase 1-489] The host OS only allows 260 characters in a normal path. The project is stored in a path with more than 80 characters. If you experience issues with IP, Block Designs, or files not being found, please consider moving the project to a location with a shorter path. Alternately consider using the OS subst command to map part of the path to a drive letter.
Current project path is 'C:/Users/13677/Desktop/2020 Autumn Semester/Analog and digital circuits/digital project/aaaaa'
Scanning sources...
Finished scanning sources
INFO: [IP_Flow 19-234] Refreshing IP repositories
INFO: [IP_Flow 19-1704] No user IP repositories specified
INFO: [IP_Flow 19-2313] Loaded Vivado IP repository 'C:/Xilinx/Vivado/2020.1/data/ip'.
open_project: Time (s): cpu = 00:00:17 ; elapsed = 00:00:07 . Memory (MB): peak = 1036.016 ; gain = 0.000
update_compile_order -fileset sources_1
launch_simulation
Command: launch_simulation 
boost::filesystem::remove: 另一个程序正在使用此文件，进程无法访问。: "C:/Users/13677/Desktop/2020 Autumn Semester/Analog and digital circuits/digital project/aaaaa/aaaaa.sim/sim_1/behav/xsim/simulate.log"
launch_simulation
Command: launch_simulation 
boost::filesystem::remove: 另一个程序正在使用此文件，进程无法访问。: "C:/Users/13677/Desktop/2020 Autumn Semester/Analog and digital circuits/digital project/aaaaa/aaaaa.sim/sim_1/behav/xsim/simulate.log"
exit
INFO: [Common 17-206] Exiting Vivado at Wed Dec 16 13:02:37 2020...
